<?xml version="1.0" encoding="UTF-8"?>
<!-- Generated by org.testng.reporters.JUnitReportReporter -->
<testsuite hostname="192.168.1.6" failures="0" tests="1" name="test.TestAssignment" time="5.080" errors="0" timestamp="2022-11-10T01:11:05 IST" skipped="0">
  <testcase classname="test.TestAssignment" name="Only4ForeignPlayers" time="5.080"/>
  <system-out/>
</testsuite> <!-- test.TestAssignment -->
