<?xml version="1.0" encoding="UTF-8"?>
<!-- Generated by org.testng.reporters.JUnitReportReporter -->
<testsuite hostname="192.168.1.6" failures="0" tests="2" name="test.TestAssignment" time="5.734" errors="0" timestamp="2022-11-10T11:03:16 IST" skipped="0">
  <testcase classname="test.TestAssignment" name="Only4ForeignPlayers" time="0.440"/>
  <system-out/>
  <testcase classname="test.TestAssignment" name="Only1WicketKeeper" time="5.294"/>
  <system-out/>
</testsuite> <!-- test.TestAssignment -->
